"C:\Program Files\JetBrains\CLion 2020.2\bin\cmake\win\bin\cmake.exe" -DCMAKE_BUILD_TYPE=Debug -DCMAKE_CXX_COMPILER=C:/Users/User/OneDrive/Desktop/C++/mingw-w64/i686-8.1.0-posix-dwarf-rt_v6-rev0/mingw32/bin/g++.exe -G "CodeBlocks - MinGW Makefiles" C:\Users\User\OneDrive\Desktop\C++\19\speedom
-- The C compiler identification is unknown
-- The CXX compiler identification is GNU 8.1.0
-- Check for working C compiler: C:/Users/User/OneDrive/Desktop/C++/mingw-w64/i686-8.1.0-posix-dwarf-rt_v6-rev0/mingw32/bin/gcc.exe
-- Check for working C compiler: C:/Users/User/OneDrive/Desktop/C++/mingw-w64/i686-8.1.0-posix-dwarf-rt_v6-rev0/mingw32/bin/gcc.exe - broken
CMake Error at C:/Program Files/JetBrains/CLion 2020.2/bin/cmake/win/share/cmake-3.17/Modules/CMakeTestCCompiler.cmake:60 (message):
  The C compiler

    "C:/Users/User/OneDrive/Desktop/C++/mingw-w64/i686-8.1.0-posix-dwarf-rt_v6-rev0/mingw32/bin/gcc.exe"

  is not able to compile a simple test program.

  It fails with the following output:

    Change Dir: C:/Users/User/OneDrive/Desktop/C++/19/speedom/cmake-build-debug/CMakeFiles/CMakeTmp
    
    Run Build Command(s):C:/Users/User/OneDrive/Desktop/C++/mingw-w64/i686-8.1.0-posix-dwarf-rt_v6-rev0/mingw32/bin/mingw32-make.exe cmTC_ed6f7/fast && C:/Users/User/OneDrive/Desktop/C++/mingw-w64/i686-8.1.0-posix-dwarf-rt_v6-rev0/mingw32/bin/mingw32-make.exe  -f CMakeFiles\cmTC_ed6f7.dir\build.make CMakeFiles/cmTC_ed6f7.dir/build
    mingw32-make.exe[1]: Entering directory 'C:/Users/User/OneDrive/Desktop/C++/19/speedom/cmake-build-debug/CMakeFiles/CMakeTmp'
    Building C object CMakeFiles/cmTC_ed6f7.dir/testCCompiler.c.obj
    C:\Users\User\OneDrive\Desktop\C++\mingw-w64\i686-8.1.0-posix-dwarf-rt_v6-rev0\mingw32\bin\gcc.exe    -o CMakeFiles\cmTC_ed6f7.dir\testCCompiler.c.obj   -c C:\Users\User\OneDrive\Desktop\C++\19\speedom\cmake-build-debug\CMakeFiles\CMakeTmp\testCCompiler.c
    gcc.exe: error: CreateProcess: No such file or directory
    mingw32-make.exe[1]: *** [CMakeFiles\cmTC_ed6f7.dir\build.make:85: CMakeFiles/cmTC_ed6f7.dir/testCCompiler.c.obj] Error 1
    mingw32-make.exe[1]: Leaving directory 'C:/Users/User/OneDrive/Desktop/C++/19/speedom/cmake-build-debug/CMakeFiles/CMakeTmp'
    mingw32-make.exe: *** [Makefile:140: cmTC_ed6f7/fast] Error 2
    
    

  

  CMake will not be able to correctly generate this project.
Call Stack (most recent call first):
  CMakeLists.txt:2 (project)


-- Configuring incomplete, errors occurred!
See also "C:/Users/User/OneDrive/Desktop/C++/19/speedom/cmake-build-debug/CMakeFiles/CMakeOutput.log".
See also "C:/Users/User/OneDrive/Desktop/C++/19/speedom/cmake-build-debug/CMakeFiles/CMakeError.log".
